Reading netlist file: "C:\Users\A\Desktop\TANG\gowin\projects\nano_viewer\impl\gwsynthesis\nano_viewer.vg"
Parsing netlist file "C:\Users\A\Desktop\TANG\gowin\projects\nano_viewer\impl\gwsynthesis\nano_viewer.vg" completed
Processing netlist completed
Reading constraint file: "C:\Users\A\Desktop\TANG\gowin\projects\nano_viewer\src\nano_viewer.cst"
Physical Constraint parsed completed
Running placement......
[10%] Placement Phase 0 completed
[20%] Placement Phase 1 completed
[30%] Placement Phase 2 completed
[50%] Placement Phase 3 completed
Running routing......
[60%] Routing Phase 0 completed
[70%] Routing Phase 1 completed
[80%] Routing Phase 2 completed
[90%] Routing Phase 3 completed
Placement and routing completed
Running timing analysis......
[95%] Timing analysis completed
Bitstream generation in progress......
Bitstream generation completed
Running power analysis......
[100%] Power analysis completed
Generate file "C:\Users\A\Desktop\TANG\gowin\projects\nano_viewer\impl\pnr\nano_viewer.power.html" completed
Generate file "C:\Users\A\Desktop\TANG\gowin\projects\nano_viewer\impl\pnr\nano_viewer.pin.html" completed
Generate file "C:\Users\A\Desktop\TANG\gowin\projects\nano_viewer\impl\pnr\nano_viewer.rpt.html" completed
Generate file "C:\Users\A\Desktop\TANG\gowin\projects\nano_viewer\impl\pnr\nano_viewer.rpt.txt" completed
Generate file "C:\Users\A\Desktop\TANG\gowin\projects\nano_viewer\impl\pnr\nano_viewer.tr.html" completed
Fri May 14 20:51:33 2021

