
Copyright (C) 1994-2020 Synopsys, Inc.
This Synopsys software and all associated documentation are proprietary to Synopsys, Inc.
and may only be used pursuant to the terms and conditions of a written license agreement
with Synopsys, Inc. All other use, reproduction, modification, or distribution of the
Synopsys software or the associated documentation is strictly prohibited.
Tool: Synplify Pro (R)
Build: Q-2020.03G-Beta1
Install: C:\Gowin\Gowin_V1.9.6Beta\SynplifyPro
OS: Windows 6.1

Hostname: EYE-01

Implementation : rev_1

# Written on Mon Aug 10 19:23:24 2020

##### FILES SYNTAX CHECKED ##############################################
Constraint File(s):      (none)

#Run constraint checker to find more issues with constraints.
#########################################################################



No issues found in constraint syntax.



Clock Summary
*************

          Start                            Requested     Requested     Clock                          Clock                     Clock
Level     Clock                            Frequency     Period        Type                           Group                     Load 
-------------------------------------------------------------------------------------------------------------------------------------
0 -       top_ult|clk                      100.0 MHz     10.000        inferred                       Autoconstr_clkgroup_0     61   
1 .         div_clk|flag_derived_clock     100.0 MHz     10.000        derived (from top_ult|clk)     Autoconstr_clkgroup_0     14   
=====================================================================================================================================


Clock Load Summary
******************

                               Clock     Source                      Clock Pin              Non-clock Pin     Non-clock Pin
Clock                          Load      Pin                         Seq Example            Seq Example       Comb Example 
---------------------------------------------------------------------------------------------------------------------------
top_ult|clk                    61        clk(port)                   div_clk.cnt[8:0].C     -                 -            
div_clk|flag_derived_clock     14        div_clk.flag.Q[0](dffr)     dig[3:0].C             -                 -            
===========================================================================================================================
