
Copyright (C) 1994-2020 Synopsys, Inc.
This Synopsys software and all associated documentation are proprietary to Synopsys, Inc.
and may only be used pursuant to the terms and conditions of a written license agreement
with Synopsys, Inc. All other use, reproduction, modification, or distribution of the
Synopsys software or the associated documentation is strictly prohibited.
Tool: Synplify Pro (R)
Build: Q-2020.03G-Beta1
Install: D:\Gowin\Gowin_V1.9.7.03Beta\SynplifyPro
OS: Windows 6.2

Hostname: DESKTOP-0CUIKCQ

Implementation : rev_1

# Written on Mon May 10 09:46:35 2021

##### FILES SYNTAX CHECKED ##############################################
Constraint File(s):      (none)

#Run constraint checker to find more issues with constraints.
#########################################################################



No issues found in constraint syntax.



Clock Summary
*************

          Start                             Requested     Requested     Clock        Clock                     Clock
Level     Clock                             Frequency     Period        Type         Group                     Load 
--------------------------------------------------------------------------------------------------------------------
0 -       System                            100.0 MHz     10.000        system       system_clkgroup           0    
                                                                                                                    
0 -       CLK133|clkoutd_inferred_clock     161.4 MHz     6.194         inferred     Autoconstr_clkgroup_0     117  
====================================================================================================================


Clock Load Summary
******************

                                  Clock     Source                             Clock Pin       Non-clock Pin     Non-clock Pin       
Clock                             Load      Pin                                Seq Example     Seq Example       Comb Example        
-------------------------------------------------------------------------------------------------------------------------------------
System                            0         -                                  -               -                 -                   
                                                                                                                                     
CLK133|clkoutd_inferred_clock     117       mul1.pllvr_inst.CLKOUTD(PLLVR)     reset.C         -                 un1_spisck.I[0](inv)
=====================================================================================================================================
