Reading netlist file: "C:\Users\wu\Desktop\gw_dds\DDS\impl\gwsynthesis\DDS.vg"
Parsing netlist file "C:\Users\wu\Desktop\gw_dds\DDS\impl\gwsynthesis\DDS.vg" completed
Processing netlist completed
Reading constraint file: "C:\Users\wu\Desktop\gw_dds\DDS\src\DDS.cst"
Physical Constraint parsed completed
Running placement......
[10%] Placement Phase 0 completed
[20%] Placement Phase 1 completed
[30%] Placement Phase 2 completed
[50%] Placement Phase 3 completed
Running routing......
[60%] Routing Phase 0 completed
[70%] Routing Phase 1 completed
[80%] Routing Phase 2 completed
[90%] Routing Phase 3 completed
Running timing analysis......
[95%] Timing analysis completed
Placement and routing completed
Bitstream generation in progress......
Bitstream generation completed
Running power analysis......
[100%] Power analysis completed
Generate file "C:\Users\wu\Desktop\gw_dds\DDS\impl\pnr\DDS.power.html" completed
Generate file "C:\Users\wu\Desktop\gw_dds\DDS\impl\pnr\DDS.pin.html" completed
Generate file "C:\Users\wu\Desktop\gw_dds\DDS\impl\pnr\DDS.rpt.html" completed
Generate file "C:\Users\wu\Desktop\gw_dds\DDS\impl\pnr\DDS.rpt.txt" completed
Generate file "C:\Users\wu\Desktop\gw_dds\DDS\impl\pnr\DDS.tr.html" completed
Mon Jun 07 14:12:55 2021

