Reading netlist file: "C:\Users\Jerry\Desktop\3X\046.FPGA\002.Project\03.Ultrasonic\ult\ult\ult\impl\gwsynthesis\ult.vg"
Parsing netlist file "C:\Users\Jerry\Desktop\3X\046.FPGA\002.Project\03.Ultrasonic\ult\ult\ult\impl\gwsynthesis\ult.vg" completed
Processing netlist completed
Reading constraint file: "C:\Users\Jerry\Desktop\3X\046.FPGA\002.Project\03.Ultrasonic\ult\ult\ult\src\ult.cst"
Physical Constraint parsed completed
Running placement......
[10%] Placement Phase 0 completed
[20%] Placement Phase 1 completed
[30%] Placement Phase 2 completed
[50%] Placement Phase 3 completed
Running routing......
[60%] Routing Phase 0 completed
[70%] Routing Phase 1 completed
[80%] Routing Phase 2 completed
[90%] Routing Phase 3 completed
Running timing analysis......
[95%] Timing analysis completed
Placement and routing completed
Bitstream generation in progress......
Bitstream generation completed
Running power analysis......
[100%] Power analysis completed
Generate file "C:\Users\Jerry\Desktop\3X\046.FPGA\002.Project\03.Ultrasonic\ult\ult\ult\impl\pnr\ult.power.html" completed
Generate file "C:\Users\Jerry\Desktop\3X\046.FPGA\002.Project\03.Ultrasonic\ult\ult\ult\impl\pnr\ult.pin.html" completed
Generate file "C:\Users\Jerry\Desktop\3X\046.FPGA\002.Project\03.Ultrasonic\ult\ult\ult\impl\pnr\ult.rpt.html" completed
Generate file "C:\Users\Jerry\Desktop\3X\046.FPGA\002.Project\03.Ultrasonic\ult\ult\ult\impl\pnr\ult.rpt.txt" completed
Generate file "C:\Users\Jerry\Desktop\3X\046.FPGA\002.Project\03.Ultrasonic\ult\ult\ult\impl\pnr\ult.tr.html" completed
Wed Jun 30 22:19:51 2021

