Reading netlist file: "F:\0_code\Gowin\ministar_eth_audio\FPGA_Design\impl\gwsynthesis\gowin_empu_hyperram.vg"
Parsing netlist file "F:\0_code\Gowin\ministar_eth_audio\FPGA_Design\impl\gwsynthesis\gowin_empu_hyperram.vg" completed
Processing netlist completed
Reading constraint file: "F:\0_code\Gowin\ministar_eth_audio\FPGA_Design\src\gowin_empu.cst"
Physical Constraint parsed completed
Running placement......
[10%] Placement Phase 0 completed
[20%] Placement Phase 1 completed
[30%] Placement Phase 2 completed
[50%] Placement Phase 3 completed
Running routing......
[60%] Routing Phase 0 completed
[70%] Routing Phase 1 completed
[80%] Routing Phase 2 completed
WARN  (PR1014) : Generic routing resource will be used to clock signal 'eth_rx_clk_d' by the specified constraint. And then it may lead to the excessive delay or skew
[90%] Routing Phase 3 completed
Placement and routing completed
Running timing analysis......
[95%] Timing analysis completed
Bitstream generation in progress......
Bitstream generation completed
Running power analysis......
[100%] Power analysis completed
Generate file "F:\0_code\Gowin\ministar_eth_audio\FPGA_Design\impl\pnr\gowin_empu_hyperram.power.html" completed
Generate file "F:\0_code\Gowin\ministar_eth_audio\FPGA_Design\impl\pnr\gowin_empu_hyperram.pin.html" completed
Generate file "F:\0_code\Gowin\ministar_eth_audio\FPGA_Design\impl\pnr\gowin_empu_hyperram.rpt.html" completed
Generate file "F:\0_code\Gowin\ministar_eth_audio\FPGA_Design\impl\pnr\gowin_empu_hyperram.rpt.txt" completed
Generate file "F:\0_code\Gowin\ministar_eth_audio\FPGA_Design\impl\pnr\gowin_empu_hyperram.tr.html" completed
Mon May 03 01:06:06 2021

