
Copyright (C) 1994-2020 Synopsys, Inc.
This Synopsys software and all associated documentation are proprietary to Synopsys, Inc.
and may only be used pursuant to the terms and conditions of a written license agreement
with Synopsys, Inc. All other use, reproduction, modification, or distribution of the
Synopsys software or the associated documentation is strictly prohibited.
Tool: Synplify Pro (R)
Build: Q-2020.03G-Beta1
Install: E:\Gowin\Gowin_V1.9.7.03Beta\SynplifyPro
OS: Windows 6.2

Hostname: DESKTOP-7K8757E

Implementation : rev_1

# Written on Sat May 22 18:15:39 2021

##### DESIGN INFO #######################################################

Top View:                "top_dds"
Constraint File(s):      (none)




##### SUMMARY ############################################################

Found 0 issues in 0 out of 0 constraints


##### DETAILS ############################################################



Clock Relationships
*******************

Starting            Ending              |     rise to rise     |     fall to fall     |     rise to fall     |     fall to rise                     
---------------------------------------------------------------------------------------------------------------------------------------------------
top_dds|sys_clk     top_dds|sys_clk     |     5.855            |     No paths         |     No paths         |     No paths                         
===================================================================================================================================================
 Note: 'No paths' indicates there are no paths in the design for that pair of clock edges.
       'Diff grp' indicates that paths exist but the starting clock and ending clock are in different clock groups.


Unconstrained Start/End Points
******************************

p:ch_sw
p:dac_CH1[0]
p:dac_CH1[1]
p:dac_CH1[2]
p:dac_CH1[3]
p:dac_CH1[4]
p:dac_CH1[5]
p:dac_CH1[6]
p:dac_CH1[7]
p:dac_CH2[0]
p:dac_CH2[1]
p:dac_CH2[2]
p:dac_CH2[3]
p:dac_CH2[4]
p:dac_CH2[5]
p:dac_CH2[6]
p:dac_CH2[7]
p:data_in[0]
p:data_in[1]
p:data_in[2]
p:data_in[3]
p:data_in[4]
p:data_in[5]
p:data_in[6]
p:data_in[7]
p:fre_h
p:fre_l
p:pha
p:sys_rst_n
p:wave


Inapplicable constraints
************************

(none)


Applicable constraints with issues
**********************************

(none)


Constraints with matching wildcard expressions
**********************************************

(none)


Library Report
**************


# End of Constraint Checker Report
