GowinSynthesis start
Running parser ...
Analyzing Verilog file 'D:\workspace\FPGA\Gowin\new_mcu_prj\src\gowin_empu\gowin_empu.v'
Analyzing Verilog file 'D:\workspace\FPGA\Gowin\new_mcu_prj\src\gowin_pllvr\gowin_pllvr.v'
Analyzing Verilog file 'D:\workspace\FPGA\Gowin\new_mcu_prj\src\sys_top.v'
Compiling module 'sys_top'("D:\workspace\FPGA\Gowin\new_mcu_prj\src\sys_top.v":1)
Compiling module 'clk_gen'("D:\workspace\FPGA\Gowin\new_mcu_prj\src\gowin_pllvr\gowin_pllvr.v":9)
Compiling module 'Gowin_EMPU_Top'("D:\workspace\FPGA\Gowin\new_mcu_prj\src\gowin_empu\gowin_empu.v":2256)
Compiling module '**'("D:\workspace\FPGA\Gowin\new_mcu_prj\src\gowin_empu\gowin_empu.v":0)
Compiling module '**'("D:\workspace\FPGA\Gowin\new_mcu_prj\src\gowin_empu\gowin_empu.v":0)
Compiling module '**'("D:\workspace\FPGA\Gowin\new_mcu_prj\src\gowin_empu\gowin_empu.v":0)
Compiling module '**'("D:\workspace\FPGA\Gowin\new_mcu_prj\src\gowin_empu\gowin_empu.v":0)
Compiling module '**'("D:\workspace\FPGA\Gowin\new_mcu_prj\src\gowin_empu\gowin_empu.v":0)
Compiling module '**'("D:\workspace\FPGA\Gowin\new_mcu_prj\src\gowin_empu\gowin_empu.v":0)
Compiling module '**'("D:\workspace\FPGA\Gowin\new_mcu_prj\src\gowin_empu\gowin_empu.v":0)
Compiling module '**'("D:\workspace\FPGA\Gowin\new_mcu_prj\src\gowin_empu\gowin_empu.v":0)
Compiling module '**'("D:\workspace\FPGA\Gowin\new_mcu_prj\src\gowin_empu\gowin_empu.v":0)
Compiling module '**'("D:\workspace\FPGA\Gowin\new_mcu_prj\src\gowin_empu\gowin_empu.v":0)
Compiling module '**'("D:\workspace\FPGA\Gowin\new_mcu_prj\src\gowin_empu\gowin_empu.v":0)
NOTE  (EX0101) : Current top module is "sys_top"
[5%] Running netlist conversion ...
Running device independent optimization ...
[10%] Optimizing Phase 0 completed
[15%] Optimizing Phase 1 completed
[25%] Optimizing Phase 2 completed
Running inference ...
[30%] Inferring Phase 0 completed
[40%] Inferring Phase 1 completed
[50%] Inferring Phase 2 completed
[55%] Inferring Phase 3 completed
Running technical mapping ...
[60%] Tech-Mapping Phase 0 completed
[65%] Tech-Mapping Phase 1 completed
[75%] Tech-Mapping Phase 2 completed
[80%] Tech-Mapping Phase 3 completed
[90%] Tech-Mapping Phase 4 completed
[95%] Generate netlist file "D:\workspace\FPGA\Gowin\new_mcu_prj\impl\gwsynthesis\new_mcu_prj.vg" completed
[100%] Generate report file "D:\workspace\FPGA\Gowin\new_mcu_prj\impl\gwsynthesis\new_mcu_prj_syn.rpt.html" completed
GowinSynthesis finish
