GowinSynthesis start
Running parser ...
Analyzing Verilog file 'C:\Users\A\Desktop\TANG\gowin\projects\nano_viewer\src\ips\hyperram_memory_interface\hyperram_memory_interface.v'
Analyzing Verilog file 'C:\Users\A\Desktop\TANG\gowin\projects\nano_viewer\src\ips\img_rom\img_rom.v'
Analyzing Verilog file 'C:\Users\A\Desktop\TANG\gowin\projects\nano_viewer\src\ips\mem_pll\gowin_pllvr\mem_pll.v'
Analyzing Verilog file 'C:\Users\A\Desktop\TANG\gowin\projects\nano_viewer\src\ips\vga_pll\gowin_pllvr\vga_pll.v'
Analyzing Verilog file 'C:\Users\A\Desktop\TANG\gowin\projects\nano_viewer\src\rtl\nano_viewer.v'
Analyzing Verilog file 'C:\Users\A\Desktop\TANG\gowin\projects\nano_viewer\src\rtl\psram_control.v'
Analyzing Verilog file 'C:\Users\A\Desktop\TANG\gowin\projects\nano_viewer\src\rtl\state_transfer.v'
Analyzing Verilog file 'C:\Users\A\Desktop\TANG\gowin\projects\nano_viewer\src\rtl\uart_rxd.v'
Analyzing Verilog file 'C:\Users\A\Desktop\TANG\gowin\projects\nano_viewer\src\rtl\vga_display.v'
Analyzing Verilog file 'C:\Users\A\Desktop\TANG\gowin\projects\nano_viewer\src\rtl\vga_driver.v'
Analyzing Verilog file 'C:\Users\A\Desktop\TANG\gowin\projects\nano_viewer\src\ips\font_rom\gowin_prom\font_rom.v'
Analyzing Verilog file 'C:\Users\A\Desktop\TANG\gowin\projects\nano_viewer\src\rtl\dht11_driver.v'
Analyzing Verilog file 'C:\Users\A\Desktop\TANG\gowin\projects\nano_viewer\src\ips\doge_rom\gowin_prom\doge_rom.v'
Analyzing Verilog file 'C:\Users\A\Desktop\TANG\gowin\projects\nano_viewer\src\ips\snake_rom\gowin_prom\snake_rom.v'
Compiling module 'nano_viewer'("C:\Users\A\Desktop\TANG\gowin\projects\nano_viewer\src\rtl\nano_viewer.v":31)
Compiling module 'mem_pll'("C:\Users\A\Desktop\TANG\gowin\projects\nano_viewer\src\ips\mem_pll\gowin_pllvr\mem_pll.v":9)
Compiling module 'vga_pll'("C:\Users\A\Desktop\TANG\gowin\projects\nano_viewer\src\ips\vga_pll\gowin_pllvr\vga_pll.v":9)
Compiling module 'vga_driver'("C:\Users\A\Desktop\TANG\gowin\projects\nano_viewer\src\rtl\vga_driver.v":31)
Compiling module 'vga_display'("C:\Users\A\Desktop\TANG\gowin\projects\nano_viewer\src\rtl\vga_display.v":31)
Compiling module 'snake_rom'("C:\Users\A\Desktop\TANG\gowin\projects\nano_viewer\src\ips\snake_rom\gowin_prom\snake_rom.v":9)
Compiling module 'doge_rom'("C:\Users\A\Desktop\TANG\gowin\projects\nano_viewer\src\ips\doge_rom\gowin_prom\doge_rom.v":9)
Compiling module 'font_rom'("C:\Users\A\Desktop\TANG\gowin\projects\nano_viewer\src\ips\font_rom\gowin_prom\font_rom.v":9)
Compiling module 'img_rom'("C:\Users\A\Desktop\TANG\gowin\projects\nano_viewer\src\ips\img_rom\img_rom.v":9)
WARN  (EX3791) : Expression size 32 truncated to fit in target size 16("C:\Users\A\Desktop\TANG\gowin\projects\nano_viewer\src\rtl\vga_display.v":162)
WARN  (EX3791) : Expression size 32 truncated to fit in target size 16("C:\Users\A\Desktop\TANG\gowin\projects\nano_viewer\src\rtl\vga_display.v":166)
WARN  (EX3791) : Expression size 32 truncated to fit in target size 16("C:\Users\A\Desktop\TANG\gowin\projects\nano_viewer\src\rtl\vga_display.v":170)
WARN  (EX3791) : Expression size 32 truncated to fit in target size 16("C:\Users\A\Desktop\TANG\gowin\projects\nano_viewer\src\rtl\vga_display.v":174)
WARN  (EX3791) : Expression size 32 truncated to fit in target size 16("C:\Users\A\Desktop\TANG\gowin\projects\nano_viewer\src\rtl\vga_display.v":178)
WARN  (EX3791) : Expression size 32 truncated to fit in target size 16("C:\Users\A\Desktop\TANG\gowin\projects\nano_viewer\src\rtl\vga_display.v":182)
WARN  (EX3791) : Expression size 32 truncated to fit in target size 16("C:\Users\A\Desktop\TANG\gowin\projects\nano_viewer\src\rtl\vga_display.v":186)
WARN  (EX3791) : Expression size 32 truncated to fit in target size 16("C:\Users\A\Desktop\TANG\gowin\projects\nano_viewer\src\rtl\vga_display.v":190)
WARN  (EX3791) : Expression size 32 truncated to fit in target size 16("C:\Users\A\Desktop\TANG\gowin\projects\nano_viewer\src\rtl\vga_display.v":194)
WARN  (EX3791) : Expression size 32 truncated to fit in target size 16("C:\Users\A\Desktop\TANG\gowin\projects\nano_viewer\src\rtl\vga_display.v":198)
WARN  (EX3791) : Expression size 32 truncated to fit in target size 16("C:\Users\A\Desktop\TANG\gowin\projects\nano_viewer\src\rtl\vga_display.v":202)
WARN  (EX3791) : Expression size 32 truncated to fit in target size 16("C:\Users\A\Desktop\TANG\gowin\projects\nano_viewer\src\rtl\vga_display.v":206)
WARN  (EX3791) : Expression size 32 truncated to fit in target size 15("C:\Users\A\Desktop\TANG\gowin\projects\nano_viewer\src\rtl\vga_display.v":227)
Compiling module 'uart_rxd'("C:\Users\A\Desktop\TANG\gowin\projects\nano_viewer\src\rtl\uart_rxd.v":32)
Compiling module 'state_transfer'("C:\Users\A\Desktop\TANG\gowin\projects\nano_viewer\src\rtl\state_transfer.v":32)
Compiling module 'dht11_driver'("C:\Users\A\Desktop\TANG\gowin\projects\nano_viewer\src\rtl\dht11_driver.v":31)
Compiling module 'psram_control'("C:\Users\A\Desktop\TANG\gowin\projects\nano_viewer\src\rtl\psram_control.v":32)
Compiling module 'HyperRAM_Memory_Interface_Top'("C:\Users\A\Desktop\TANG\gowin\projects\nano_viewer\src\ips\hyperram_memory_interface\hyperram_memory_interface.v":5318)
Compiling module '**'("C:\Users\A\Desktop\TANG\gowin\projects\nano_viewer\src\ips\hyperram_memory_interface\hyperram_memory_interface.v":0)
Compiling module '**'("C:\Users\A\Desktop\TANG\gowin\projects\nano_viewer\src\ips\hyperram_memory_interface\hyperram_memory_interface.v":0)
Compiling module '**'("C:\Users\A\Desktop\TANG\gowin\projects\nano_viewer\src\ips\hyperram_memory_interface\hyperram_memory_interface.v":0)
Compiling module '**'("C:\Users\A\Desktop\TANG\gowin\projects\nano_viewer\src\ips\hyperram_memory_interface\hyperram_memory_interface.v":0)
Compiling module '**'("C:\Users\A\Desktop\TANG\gowin\projects\nano_viewer\src\ips\hyperram_memory_interface\hyperram_memory_interface.v":0)
WARN  (EX3791) : Expression size 32 truncated to fit in target size 22("C:\Users\A\Desktop\TANG\gowin\projects\nano_viewer\src\rtl\psram_control.v":145)
NOTE  (EX0101) : Current top module is "nano_viewer"
[5%] Running netlist conversion ...
Running device independent optimization ...
[10%] Optimizing Phase 0 completed
[15%] Optimizing Phase 1 completed
[25%] Optimizing Phase 2 completed
Running inference ...
[30%] Inferring Phase 0 completed
[40%] Inferring Phase 1 completed
[50%] Inferring Phase 2 completed
[55%] Inferring Phase 3 completed
Running technical mapping ...
[60%] Tech-Mapping Phase 0 completed
[65%] Tech-Mapping Phase 1 completed
[75%] Tech-Mapping Phase 2 completed
[80%] Tech-Mapping Phase 3 completed
[90%] Tech-Mapping Phase 4 completed
[95%] Generate netlist file "C:\Users\A\Desktop\TANG\gowin\projects\nano_viewer\impl\gwsynthesis\nano_viewer.vg" completed
[100%] Generate report file "C:\Users\A\Desktop\TANG\gowin\projects\nano_viewer\impl\gwsynthesis\nano_viewer_syn.rpt.html" completed
GowinSynthesis finish
