Reading netlist file: "D:\workspace\FPGA\Gowin\new_mcu_prj\impl\gwsynthesis\new_mcu_prj.vg"
Parsing netlist file "D:\workspace\FPGA\Gowin\new_mcu_prj\impl\gwsynthesis\new_mcu_prj.vg" completed
Processing netlist completed
Reading constraint file: "D:\workspace\FPGA\Gowin\new_mcu_prj\src\new_mcu_prj.cst"
Physical Constraint parsed completed
Running placement......
[10%] Placement Phase 0 completed
[20%] Placement Phase 1 completed
[30%] Placement Phase 2 completed
[50%] Placement Phase 3 completed
Running routing......
[60%] Routing Phase 0 completed
[70%] Routing Phase 1 completed
[80%] Routing Phase 2 completed
[90%] Routing Phase 3 completed
Placement and routing completed
Running timing analysis......
[95%] Timing analysis completed
Bitstream generation in progress......
Bitstream generation completed
Running power analysis......
[100%] Power analysis completed
Generate file "D:\workspace\FPGA\Gowin\new_mcu_prj\impl\pnr\new_mcu_prj.power.html" completed
Generate file "D:\workspace\FPGA\Gowin\new_mcu_prj\impl\pnr\new_mcu_prj.pin.html" completed
Generate file "D:\workspace\FPGA\Gowin\new_mcu_prj\impl\pnr\new_mcu_prj.rpt.html" completed
Generate file "D:\workspace\FPGA\Gowin\new_mcu_prj\impl\pnr\new_mcu_prj.rpt.txt" completed
Generate file "D:\workspace\FPGA\Gowin\new_mcu_prj\impl\pnr\new_mcu_prj.tr.html" completed
Sat May 15 22:36:54 2021

