


ARM Macro Assembler    Page 1 


    1 00000000         ; ******************************************************
                       ********************************
    2 00000000         ; *
    3 00000000         ;   (C) COPYRIGHT 2014-2019 Gowin Semiconductor Technolo
                       gy Co.,Ltd.
    4 00000000         ; *
    5 00000000         ; * File Name : startup_gw1ns4c.s
    6 00000000         ; * Author  : Embedded Development Team
    7 00000000         ; * Version  : V1.0.0
    8 00000000         ; * Date  : 2019-10-1 09:00:00
    9 00000000         ; * Description : GW1NS-4C Devices vector table for ARM 
                       toolchain
   10 00000000         ; *     This module performs:
   11 00000000         ; *     - Set the initial SP
   12 00000000         ; *     - Set the initial PC == Reset_Handler
   13 00000000         ; *     - Set the vector table entries with exceptions I
                       SR address
   14 00000000         ; *     - Configure the system clock
   15 00000000         ; *     - Branches to __main in the C library(which even
                       tually calls main())
   16 00000000         ; *     After Reset the Cortex-M3 processor is in Thread
                        mode,
   17 00000000         ; *     priority is Privileged and the Stach is set to M
                       ain
   18 00000000         ; *
   19 00000000         ; * <<< Use Configuration Wizard in Context Menu >>>
   20 00000000         ; *
   21 00000000         ; ******************************************************
                       **********************************
   22 00000000         
   23 00000000         ; <h> Stack Configuration
   24 00000000         ;   <o> Stack Size (in Bytes) <0x0-0xFFFFFFFF:8>
   25 00000000         ; </h>
   26 00000000         
   27 00000000 00000400 
                       Stack_Size
                               EQU              0x00000400
   28 00000000         
   29 00000000                 AREA             STACK, NOINIT, READWRITE, ALIGN
=3
   30 00000000         Stack_Mem
                               SPACE            Stack_Size
   31 00000400         __initial_sp
   32 00000400         
   33 00000400         
   34 00000400         ; <h> Heap Configuration
   35 00000400         ;   <o>  Heap Size (in Bytes) <0x0-0xFFFFFFFF:8>
   36 00000400         ; </h>
   37 00000400         
   38 00000400 00000200 
                       Heap_Size
                               EQU              0x00000200
   39 00000400         
   40 00000400                 AREA             HEAP, NOINIT, READWRITE, ALIGN=
3
   41 00000000         __heap_base
   42 00000000         Heap_Mem
                               SPACE            Heap_Size
   43 00000200         __heap_limit



ARM Macro Assembler    Page 2 


   44 00000200         
   45 00000200         
   46 00000200                 PRESERVE8
   47 00000200                 THUMB
   48 00000200         
   49 00000200         
   50 00000200         ; Vector Table Mapped to Address 0 at Reset
   51 00000200         
   52 00000200                 AREA             RESET, DATA, READONLY
   53 00000000                 EXPORT           __Vectors
   54 00000000                 EXPORT           __Vectors_End
   55 00000000                 EXPORT           __Vectors_Size
   56 00000000         
   57 00000000 00000000 
                       __Vectors
                               DCD              __initial_sp ; Top of Stack
   58 00000004 00000000        DCD              Reset_Handler ; Reset Handler
   59 00000008 00000000        DCD              NMI_Handler ; NMI Handler
   60 0000000C 00000000        DCD              HardFault_Handler ; Hard Fault 
                                                            Handler
   61 00000010 00000000        DCD              MemManage_Handler 
                                                            ; MPU Fault Handler
                                                            
   62 00000014 00000000        DCD              BusFault_Handler 
                                                            ; Bus Fault Handler
                                                            
   63 00000018 00000000        DCD              UsageFault_Handler ; Usage Faul
                                                            t Handler
   64 0000001C 00000000        DCD              0           ; Reserved
   65 00000020 00000000        DCD              0           ; Reserved
   66 00000024 00000000        DCD              0           ; Reserved
   67 00000028 00000000        DCD              0           ; Reserved
   68 0000002C 00000000        DCD              SVC_Handler ; SVCall Handler
   69 00000030 00000000        DCD              DebugMon_Handler ; Debug Monito
                                                            r Handler
   70 00000034 00000000        DCD              0           ; Reserved
   71 00000038 00000000        DCD              PendSV_Handler ; PendSV Handler
                                                            
   72 0000003C 00000000        DCD              SysTick_Handler 
                                                            ; SysTick Handler
   73 00000040         
   74 00000040         ; External Interrupts
   75 00000040 00000000        DCD              UART0_Handler ; [0] UART 0 RX a
                                                            nd TX Handler
   76 00000044 00000000        DCD              USER_INT0_Handler ; [1] Interru
                                                            pt handler 0 to use
                                                            r extension 
   77 00000048 00000000        DCD              UART1_Handler ; [2] UART 1 RX a
                                                            nd TX Handler
   78 0000004C 00000000        DCD              USER_INT1_Handler ; [3] Interru
                                                            pt handler 1 to use
                                                            r extension
   79 00000050 00000000        DCD              USER_INT2_Handler ; [4] Interru
                                                            pt handler 2 to use
                                                            r extension
   80 00000054 00000000        DCD              RTC_Handler ; [5] Reserved
   81 00000058 00000000        DCD              PORT0_COMB_Handler ; [6] GPIO P
                                                            ort 0 Combined Hand
                                                            ler



ARM Macro Assembler    Page 3 


   82 0000005C 00000000        DCD              USER_INT3_Handler ; [7] Interru
                                                            pt handler 3 to use
                                                            r extension
   83 00000060 00000000        DCD              TIMER0_Handler ; [8] TIMER 0 ha
                                                            ndler
   84 00000064 00000000        DCD              TIMER1_Handler ; [9] TIMER 1 ha
                                                            ndler
   85 00000068 00000000        DCD              0           ; [10] Reserved
   86 0000006C 00000000        DCD              I2C_Handler ; [11] I2C handler
   87 00000070 00000000        DCD              UARTOVF_Handler ; [12] UART 0,1
                                                             Overflow Handler
   88 00000074 00000000        DCD              USER_INT4_Handler ; [13] Interr
                                                            upt handler 4 to us
                                                            er extension
   89 00000078 00000000        DCD              USER_INT5_Handler ; [14] Interr
                                                            upt handler 5 to us
                                                            er extension
   90 0000007C 00000000        DCD              Spare15_Handler ; [15] Not Used
                                                            
   91 00000080 00000000        DCD              PORT0_0_Handler ; [16] GPIO Por
                                                            t 0 pin 0 Handler
   92 00000084 00000000        DCD              PORT0_1_Handler ; [17] GPIO Por
                                                            t 0 pin 1 Handler
   93 00000088 00000000        DCD              PORT0_2_Handler ; [18] GPIO Por
                                                            t 0 pin 2 Handler
   94 0000008C 00000000        DCD              PORT0_3_Handler ; [19] GPIO Por
                                                            t 0 pin 3 Handler
   95 00000090 00000000        DCD              PORT0_4_Handler ; [20] GPIO Por
                                                            t 0 pin 4 Handler
   96 00000094 00000000        DCD              PORT0_5_Handler ; [21] GPIO Por
                                                            t 0 pin 5 Handler
   97 00000098 00000000        DCD              PORT0_6_Handler ; [22] GPIO Por
                                                            t 0 pin 6 Handler
   98 0000009C 00000000        DCD              PORT0_7_Handler ; [23] GPIO Por
                                                            t 0 pin 7 Handler
   99 000000A0 00000000        DCD              PORT0_8_Handler ; [24] GPIO Por
                                                            t 0 pin 8 Handler
  100 000000A4 00000000        DCD              PORT0_9_Handler ; [25] GPIO Por
                                                            t 0 pin 9 Handler
  101 000000A8 00000000        DCD              PORT0_10_Handler ; [26] GPIO Po
                                                            rt 0 pin 10 Handler
                                                            
  102 000000AC 00000000        DCD              PORT0_11_Handler ; [27] GPIO Po
                                                            rt 0 pin 11 Handler
                                                            
  103 000000B0 00000000        DCD              PORT0_12_Handler ; [28] GPIO Po
                                                            rt 0 pin 12 Handler
                                                            
  104 000000B4 00000000        DCD              PORT0_13_Handler ; [29] GPIO Po
                                                            rt 0 pin 13 Handler
                                                            
  105 000000B8 00000000        DCD              PORT0_14_Handler ; [30] GPIO Po
                                                            rt 0 pin 14 Handler
                                                            
  106 000000BC 00000000        DCD              PORT0_15_Handler ; [31] GPIO Po
                                                            rt 0 pin 15 Handler
                                                            
  107 000000C0         __Vectors_End
  108 000000C0         



ARM Macro Assembler    Page 4 


  109 000000C0 000000C0 
                       __Vectors_Size
                               EQU              __Vectors_End - __Vectors
  110 000000C0         
  111 000000C0                 AREA             |.text|, CODE, READONLY
  112 00000000         
  113 00000000         
  114 00000000         ; Reset Handler
  115 00000000         ; Branches to __main in the C library(which eventually c
                       alls main())
  116 00000000         Reset_Handler
                               PROC
  117 00000000                 EXPORT           Reset_Handler             [WEAK
]
  118 00000000                 IMPORT           SystemInit
  119 00000000                 IMPORT           __main
  120 00000000 4809            LDR              R0, =SystemInit
  121 00000002 4780            BLX              R0
  122 00000004 4809            LDR              R0, =__main
  123 00000006 4700            BX               R0
  124 00000008                 ENDP
  125 00000008         
  126 00000008         
  127 00000008         ; Dummy Exception Handlers (infinite loops which can be 
                       modified)
  128 00000008         
  129 00000008         NMI_Handler
                               PROC
  130 00000008                 EXPORT           NMI_Handler               [WEAK
]
  131 00000008 E7FE            B                .
  132 0000000A                 ENDP
  134 0000000A         HardFault_Handler
                               PROC
  135 0000000A                 EXPORT           HardFault_Handler         [WEAK
]
  136 0000000A E7FE            B                .
  137 0000000C                 ENDP
  139 0000000C         MemManage_Handler
                               PROC
  140 0000000C                 EXPORT           MemManage_Handler         [WEAK
]
  141 0000000C E7FE            B                .
  142 0000000E                 ENDP
  144 0000000E         BusFault_Handler
                               PROC
  145 0000000E                 EXPORT           BusFault_Handler          [WEAK
]
  146 0000000E E7FE            B                .
  147 00000010                 ENDP
  149 00000010         UsageFault_Handler
                               PROC
  150 00000010                 EXPORT           UsageFault_Handler        [WEAK
]
  151 00000010 E7FE            B                .
  152 00000012                 ENDP
  153 00000012         SVC_Handler
                               PROC
  154 00000012                 EXPORT           SVC_Handler               [WEAK



ARM Macro Assembler    Page 5 


]
  155 00000012 E7FE            B                .
  156 00000014                 ENDP
  158 00000014         DebugMon_Handler
                               PROC
  159 00000014                 EXPORT           DebugMon_Handler          [WEAK
]
  160 00000014 E7FE            B                .
  161 00000016                 ENDP
  163 00000016         PendSV_Handler
                               PROC
  164 00000016                 EXPORT           PendSV_Handler            [WEAK
]
  165 00000016 E7FE            B                .
  166 00000018                 ENDP
  168 00000018         SysTick_Handler
                               PROC
  169 00000018                 EXPORT           SysTick_Handler           [WEAK
]
  170 00000018 E7FE            B                .
  171 0000001A                 ENDP
  172 0000001A         
  173 0000001A         Default_Handler
                               PROC
  174 0000001A                 EXPORT           UART0_Handler              [WEA
K]
  175 0000001A                 EXPORT           USER_INT0_Handler          [WEA
K]
  176 0000001A                 EXPORT           UART1_Handler              [WEA
K]
  177 0000001A                 EXPORT           USER_INT1_Handler          [WEA
K]
  178 0000001A                 EXPORT           USER_INT2_Handler          [WEA
K]
  179 0000001A                 EXPORT           RTC_Handler                [WEA
K]
  180 0000001A                 EXPORT           PORT0_COMB_Handler         [WEA
K]
  181 0000001A                 EXPORT           USER_INT3_Handler          [WEA
K]
  182 0000001A                 EXPORT           TIMER0_Handler             [WEA
K]
  183 0000001A                 EXPORT           TIMER1_Handler             [WEA
K]
  184 0000001A                 EXPORT           I2C_Handler                [WEA
K]
  185 0000001A                 EXPORT           UARTOVF_Handler            [WEA
K]
  186 0000001A                 EXPORT           USER_INT4_Handler          [WEA
K]
  187 0000001A                 EXPORT           USER_INT5_Handler          [WEA
K]
  188 0000001A                 EXPORT           Spare15_Handler            [WEA
K]
  189 0000001A                 EXPORT           PORT0_0_Handler            [WEA
K]
  190 0000001A                 EXPORT           PORT0_1_Handler            [WEA
K]
  191 0000001A                 EXPORT           PORT0_2_Handler            [WEA



ARM Macro Assembler    Page 6 


K]
  192 0000001A                 EXPORT           PORT0_3_Handler            [WEA
K]
  193 0000001A                 EXPORT           PORT0_4_Handler            [WEA
K]
  194 0000001A                 EXPORT           PORT0_5_Handler            [WEA
K]
  195 0000001A                 EXPORT           PORT0_6_Handler            [WEA
K]
  196 0000001A                 EXPORT           PORT0_7_Handler            [WEA
K]
  197 0000001A                 EXPORT           PORT0_8_Handler            [WEA
K]
  198 0000001A                 EXPORT           PORT0_9_Handler            [WEA
K]
  199 0000001A                 EXPORT           PORT0_10_Handler           [WEA
K]
  200 0000001A                 EXPORT           PORT0_11_Handler           [WEA
K]
  201 0000001A                 EXPORT           PORT0_12_Handler           [WEA
K]
  202 0000001A                 EXPORT           PORT0_13_Handler           [WEA
K]
  203 0000001A                 EXPORT           PORT0_14_Handler           [WEA
K]
  204 0000001A                 EXPORT           PORT0_15_Handler           [WEA
K]
  205 0000001A         
  206 0000001A         UART0_Handler
  207 0000001A         USER_INT0_Handler
  208 0000001A         UART1_Handler
  209 0000001A         USER_INT1_Handler
  210 0000001A         USER_INT2_Handler
  211 0000001A         RTC_Handler
  212 0000001A         PORT0_COMB_Handler
  213 0000001A         USER_INT3_Handler
  214 0000001A         TIMER0_Handler
  215 0000001A         TIMER1_Handler
  216 0000001A         I2C_Handler
  217 0000001A         UARTOVF_Handler
  218 0000001A         USER_INT4_Handler
  219 0000001A         USER_INT5_Handler
  220 0000001A         Spare15_Handler
  221 0000001A         PORT0_0_Handler
  222 0000001A         PORT0_1_Handler
  223 0000001A         PORT0_2_Handler
  224 0000001A         PORT0_3_Handler
  225 0000001A         PORT0_4_Handler
  226 0000001A         PORT0_5_Handler
  227 0000001A         PORT0_6_Handler
  228 0000001A         PORT0_7_Handler
  229 0000001A         PORT0_8_Handler
  230 0000001A         PORT0_9_Handler
  231 0000001A         PORT0_10_Handler
  232 0000001A         PORT0_11_Handler
  233 0000001A         PORT0_12_Handler
  234 0000001A         PORT0_13_Handler
  235 0000001A         PORT0_14_Handler
  236 0000001A         PORT0_15_Handler



ARM Macro Assembler    Page 7 


  237 0000001A E7FE            B                .
  238 0000001C         
  239 0000001C                 ENDP
  240 0000001C         
  241 0000001C         
  242 0000001C                 ALIGN
  243 0000001C         
  244 0000001C         ;*******************************************************
                       
  245 0000001C         ; User Initial Stack and Heap
  246 0000001C         ;*******************************************************
                       
  247 0000001C         
  248 0000001C                 IF               :DEF:__MICROLIB
  255 0000001C         
  256 0000001C                 IMPORT           __use_two_region_memory
  257 0000001C                 EXPORT           __user_initial_stackheap
  258 0000001C         
  259 0000001C         __user_initial_stackheap
                               PROC
  260 0000001C 4804            LDR              R0, =  Heap_Mem
  261 0000001E 4905            LDR              R1, =(Stack_Mem + Stack_Size)
  262 00000020 4A05            LDR              R2, = (Heap_Mem +  Heap_Size)
  263 00000022 4B06            LDR              R3, = Stack_Mem
  264 00000024 4770            BX               LR
  265 00000026                 ENDP
  266 00000026         
  267 00000026 00 00           ALIGN
  268 00000028         
  269 00000028                 ENDIF
  270 00000028         
  271 00000028         
  272 00000028                 END
              00000000 
              00000000 
              00000000 
              00000400 
              00000200 
              00000000 
Command Line: --debug --xref --diag_suppress=9931 --cpu=Cortex-M3 --apcs=interw
ork --depend=.\objects\startup_gw1ns4c.d -o.\objects\startup_gw1ns4c.o -I.\RTE\
_led -IC:\Users\Administrator\AppData\Local\Arm\Packs\ARM\CMSIS\5.6.0\Device\AR
M\ARMCM3\Include -IC:\Keil_v5\ARM\CMSIS\Include --predefine="__UVISION_VERSION 
SETA 529" --predefine="ARMCM3 SETA 1" --list=.\listings\startup_gw1ns4c.lst ..\
STARTUP\startup_gw1ns4c.s



ARM Macro Assembler    Page 1 Alphabetic symbol ordering
Relocatable symbols

STACK 00000000

Symbol: STACK
   Definitions
      At line 29 in file ..\STARTUP\startup_gw1ns4c.s
   Uses
      None
Comment: STACK unused
Stack_Mem 00000000

Symbol: Stack_Mem
   Definitions
      At line 30 in file ..\STARTUP\startup_gw1ns4c.s
   Uses
      At line 261 in file ..\STARTUP\startup_gw1ns4c.s
      At line 263 in file ..\STARTUP\startup_gw1ns4c.s

__initial_sp 00000400

Symbol: __initial_sp
   Definitions
      At line 31 in file ..\STARTUP\startup_gw1ns4c.s
   Uses
      At line 57 in file ..\STARTUP\startup_gw1ns4c.s
Comment: __initial_sp used once
3 symbols



ARM Macro Assembler    Page 1 Alphabetic symbol ordering
Relocatable symbols

HEAP 00000000

Symbol: HEAP
   Definitions
      At line 40 in file ..\STARTUP\startup_gw1ns4c.s
   Uses
      None
Comment: HEAP unused
Heap_Mem 00000000

Symbol: Heap_Mem
   Definitions
      At line 42 in file ..\STARTUP\startup_gw1ns4c.s
   Uses
      At line 260 in file ..\STARTUP\startup_gw1ns4c.s
      At line 262 in file ..\STARTUP\startup_gw1ns4c.s

__heap_base 00000000

Symbol: __heap_base
   Definitions
      At line 41 in file ..\STARTUP\startup_gw1ns4c.s
   Uses
      None
Comment: __heap_base unused
__heap_limit 00000200

Symbol: __heap_limit
   Definitions
      At line 43 in file ..\STARTUP\startup_gw1ns4c.s
   Uses
      None
Comment: __heap_limit unused
4 symbols



ARM Macro Assembler    Page 1 Alphabetic symbol ordering
Relocatable symbols

RESET 00000000

Symbol: RESET
   Definitions
      At line 52 in file ..\STARTUP\startup_gw1ns4c.s
   Uses
      None
Comment: RESET unused
__Vectors 00000000

Symbol: __Vectors
   Definitions
      At line 57 in file ..\STARTUP\startup_gw1ns4c.s
   Uses
      At line 53 in file ..\STARTUP\startup_gw1ns4c.s
      At line 109 in file ..\STARTUP\startup_gw1ns4c.s

__Vectors_End 000000C0

Symbol: __Vectors_End
   Definitions
      At line 107 in file ..\STARTUP\startup_gw1ns4c.s
   Uses
      At line 54 in file ..\STARTUP\startup_gw1ns4c.s
      At line 109 in file ..\STARTUP\startup_gw1ns4c.s

3 symbols



ARM Macro Assembler    Page 1 Alphabetic symbol ordering
Relocatable symbols

.text 00000000

Symbol: .text
   Definitions
      At line 111 in file ..\STARTUP\startup_gw1ns4c.s
   Uses
      None
Comment: .text unused
BusFault_Handler 0000000E

Symbol: BusFault_Handler
   Definitions
      At line 144 in file ..\STARTUP\startup_gw1ns4c.s
   Uses
      At line 62 in file ..\STARTUP\startup_gw1ns4c.s
      At line 145 in file ..\STARTUP\startup_gw1ns4c.s

DebugMon_Handler 00000014

Symbol: DebugMon_Handler
   Definitions
      At line 158 in file ..\STARTUP\startup_gw1ns4c.s
   Uses
      At line 69 in file ..\STARTUP\startup_gw1ns4c.s
      At line 159 in file ..\STARTUP\startup_gw1ns4c.s

Default_Handler 0000001A

Symbol: Default_Handler
   Definitions
      At line 173 in file ..\STARTUP\startup_gw1ns4c.s
   Uses
      None
Comment: Default_Handler unused
HardFault_Handler 0000000A

Symbol: HardFault_Handler
   Definitions
      At line 134 in file ..\STARTUP\startup_gw1ns4c.s
   Uses
      At line 60 in file ..\STARTUP\startup_gw1ns4c.s
      At line 135 in file ..\STARTUP\startup_gw1ns4c.s

I2C_Handler 0000001A

Symbol: I2C_Handler
   Definitions
      At line 216 in file ..\STARTUP\startup_gw1ns4c.s
   Uses
      At line 86 in file ..\STARTUP\startup_gw1ns4c.s
      At line 184 in file ..\STARTUP\startup_gw1ns4c.s

MemManage_Handler 0000000C

Symbol: MemManage_Handler
   Definitions
      At line 139 in file ..\STARTUP\startup_gw1ns4c.s
   Uses
      At line 61 in file ..\STARTUP\startup_gw1ns4c.s



ARM Macro Assembler    Page 2 Alphabetic symbol ordering
Relocatable symbols

      At line 140 in file ..\STARTUP\startup_gw1ns4c.s

NMI_Handler 00000008

Symbol: NMI_Handler
   Definitions
      At line 129 in file ..\STARTUP\startup_gw1ns4c.s
   Uses
      At line 59 in file ..\STARTUP\startup_gw1ns4c.s
      At line 130 in file ..\STARTUP\startup_gw1ns4c.s

PORT0_0_Handler 0000001A

Symbol: PORT0_0_Handler
   Definitions
      At line 221 in file ..\STARTUP\startup_gw1ns4c.s
   Uses
      At line 91 in file ..\STARTUP\startup_gw1ns4c.s
      At line 189 in file ..\STARTUP\startup_gw1ns4c.s

PORT0_10_Handler 0000001A

Symbol: PORT0_10_Handler
   Definitions
      At line 231 in file ..\STARTUP\startup_gw1ns4c.s
   Uses
      At line 101 in file ..\STARTUP\startup_gw1ns4c.s
      At line 199 in file ..\STARTUP\startup_gw1ns4c.s

PORT0_11_Handler 0000001A

Symbol: PORT0_11_Handler
   Definitions
      At line 232 in file ..\STARTUP\startup_gw1ns4c.s
   Uses
      At line 102 in file ..\STARTUP\startup_gw1ns4c.s
      At line 200 in file ..\STARTUP\startup_gw1ns4c.s

PORT0_12_Handler 0000001A

Symbol: PORT0_12_Handler
   Definitions
      At line 233 in file ..\STARTUP\startup_gw1ns4c.s
   Uses
      At line 103 in file ..\STARTUP\startup_gw1ns4c.s
      At line 201 in file ..\STARTUP\startup_gw1ns4c.s

PORT0_13_Handler 0000001A

Symbol: PORT0_13_Handler
   Definitions
      At line 234 in file ..\STARTUP\startup_gw1ns4c.s
   Uses
      At line 104 in file ..\STARTUP\startup_gw1ns4c.s
      At line 202 in file ..\STARTUP\startup_gw1ns4c.s

PORT0_14_Handler 0000001A

Symbol: PORT0_14_Handler



ARM Macro Assembler    Page 3 Alphabetic symbol ordering
Relocatable symbols

   Definitions
      At line 235 in file ..\STARTUP\startup_gw1ns4c.s
   Uses
      At line 105 in file ..\STARTUP\startup_gw1ns4c.s
      At line 203 in file ..\STARTUP\startup_gw1ns4c.s

PORT0_15_Handler 0000001A

Symbol: PORT0_15_Handler
   Definitions
      At line 236 in file ..\STARTUP\startup_gw1ns4c.s
   Uses
      At line 106 in file ..\STARTUP\startup_gw1ns4c.s
      At line 204 in file ..\STARTUP\startup_gw1ns4c.s

PORT0_1_Handler 0000001A

Symbol: PORT0_1_Handler
   Definitions
      At line 222 in file ..\STARTUP\startup_gw1ns4c.s
   Uses
      At line 92 in file ..\STARTUP\startup_gw1ns4c.s
      At line 190 in file ..\STARTUP\startup_gw1ns4c.s

PORT0_2_Handler 0000001A

Symbol: PORT0_2_Handler
   Definitions
      At line 223 in file ..\STARTUP\startup_gw1ns4c.s
   Uses
      At line 93 in file ..\STARTUP\startup_gw1ns4c.s
      At line 191 in file ..\STARTUP\startup_gw1ns4c.s

PORT0_3_Handler 0000001A

Symbol: PORT0_3_Handler
   Definitions
      At line 224 in file ..\STARTUP\startup_gw1ns4c.s
   Uses
      At line 94 in file ..\STARTUP\startup_gw1ns4c.s
      At line 192 in file ..\STARTUP\startup_gw1ns4c.s

PORT0_4_Handler 0000001A

Symbol: PORT0_4_Handler
   Definitions
      At line 225 in file ..\STARTUP\startup_gw1ns4c.s
   Uses
      At line 95 in file ..\STARTUP\startup_gw1ns4c.s
      At line 193 in file ..\STARTUP\startup_gw1ns4c.s

PORT0_5_Handler 0000001A

Symbol: PORT0_5_Handler
   Definitions
      At line 226 in file ..\STARTUP\startup_gw1ns4c.s
   Uses
      At line 96 in file ..\STARTUP\startup_gw1ns4c.s
      At line 194 in file ..\STARTUP\startup_gw1ns4c.s



ARM Macro Assembler    Page 4 Alphabetic symbol ordering
Relocatable symbols


PORT0_6_Handler 0000001A

Symbol: PORT0_6_Handler
   Definitions
      At line 227 in file ..\STARTUP\startup_gw1ns4c.s
   Uses
      At line 97 in file ..\STARTUP\startup_gw1ns4c.s
      At line 195 in file ..\STARTUP\startup_gw1ns4c.s

PORT0_7_Handler 0000001A

Symbol: PORT0_7_Handler
   Definitions
      At line 228 in file ..\STARTUP\startup_gw1ns4c.s
   Uses
      At line 98 in file ..\STARTUP\startup_gw1ns4c.s
      At line 196 in file ..\STARTUP\startup_gw1ns4c.s

PORT0_8_Handler 0000001A

Symbol: PORT0_8_Handler
   Definitions
      At line 229 in file ..\STARTUP\startup_gw1ns4c.s
   Uses
      At line 99 in file ..\STARTUP\startup_gw1ns4c.s
      At line 197 in file ..\STARTUP\startup_gw1ns4c.s

PORT0_9_Handler 0000001A

Symbol: PORT0_9_Handler
   Definitions
      At line 230 in file ..\STARTUP\startup_gw1ns4c.s
   Uses
      At line 100 in file ..\STARTUP\startup_gw1ns4c.s
      At line 198 in file ..\STARTUP\startup_gw1ns4c.s

PORT0_COMB_Handler 0000001A

Symbol: PORT0_COMB_Handler
   Definitions
      At line 212 in file ..\STARTUP\startup_gw1ns4c.s
   Uses
      At line 81 in file ..\STARTUP\startup_gw1ns4c.s
      At line 180 in file ..\STARTUP\startup_gw1ns4c.s

PendSV_Handler 00000016

Symbol: PendSV_Handler
   Definitions
      At line 163 in file ..\STARTUP\startup_gw1ns4c.s
   Uses
      At line 71 in file ..\STARTUP\startup_gw1ns4c.s
      At line 164 in file ..\STARTUP\startup_gw1ns4c.s

RTC_Handler 0000001A

Symbol: RTC_Handler
   Definitions



ARM Macro Assembler    Page 5 Alphabetic symbol ordering
Relocatable symbols

      At line 211 in file ..\STARTUP\startup_gw1ns4c.s
   Uses
      At line 80 in file ..\STARTUP\startup_gw1ns4c.s
      At line 179 in file ..\STARTUP\startup_gw1ns4c.s

Reset_Handler 00000000

Symbol: Reset_Handler
   Definitions
      At line 116 in file ..\STARTUP\startup_gw1ns4c.s
   Uses
      At line 58 in file ..\STARTUP\startup_gw1ns4c.s
      At line 117 in file ..\STARTUP\startup_gw1ns4c.s

SVC_Handler 00000012

Symbol: SVC_Handler
   Definitions
      At line 153 in file ..\STARTUP\startup_gw1ns4c.s
   Uses
      At line 68 in file ..\STARTUP\startup_gw1ns4c.s
      At line 154 in file ..\STARTUP\startup_gw1ns4c.s

Spare15_Handler 0000001A

Symbol: Spare15_Handler
   Definitions
      At line 220 in file ..\STARTUP\startup_gw1ns4c.s
   Uses
      At line 90 in file ..\STARTUP\startup_gw1ns4c.s
      At line 188 in file ..\STARTUP\startup_gw1ns4c.s

SysTick_Handler 00000018

Symbol: SysTick_Handler
   Definitions
      At line 168 in file ..\STARTUP\startup_gw1ns4c.s
   Uses
      At line 72 in file ..\STARTUP\startup_gw1ns4c.s
      At line 169 in file ..\STARTUP\startup_gw1ns4c.s

TIMER0_Handler 0000001A

Symbol: TIMER0_Handler
   Definitions
      At line 214 in file ..\STARTUP\startup_gw1ns4c.s
   Uses
      At line 83 in file ..\STARTUP\startup_gw1ns4c.s
      At line 182 in file ..\STARTUP\startup_gw1ns4c.s

TIMER1_Handler 0000001A

Symbol: TIMER1_Handler
   Definitions
      At line 215 in file ..\STARTUP\startup_gw1ns4c.s
   Uses
      At line 84 in file ..\STARTUP\startup_gw1ns4c.s
      At line 183 in file ..\STARTUP\startup_gw1ns4c.s




ARM Macro Assembler    Page 6 Alphabetic symbol ordering
Relocatable symbols

UART0_Handler 0000001A

Symbol: UART0_Handler
   Definitions
      At line 206 in file ..\STARTUP\startup_gw1ns4c.s
   Uses
      At line 75 in file ..\STARTUP\startup_gw1ns4c.s
      At line 174 in file ..\STARTUP\startup_gw1ns4c.s

UART1_Handler 0000001A

Symbol: UART1_Handler
   Definitions
      At line 208 in file ..\STARTUP\startup_gw1ns4c.s
   Uses
      At line 77 in file ..\STARTUP\startup_gw1ns4c.s
      At line 176 in file ..\STARTUP\startup_gw1ns4c.s

UARTOVF_Handler 0000001A

Symbol: UARTOVF_Handler
   Definitions
      At line 217 in file ..\STARTUP\startup_gw1ns4c.s
   Uses
      At line 87 in file ..\STARTUP\startup_gw1ns4c.s
      At line 185 in file ..\STARTUP\startup_gw1ns4c.s

USER_INT0_Handler 0000001A

Symbol: USER_INT0_Handler
   Definitions
      At line 207 in file ..\STARTUP\startup_gw1ns4c.s
   Uses
      At line 76 in file ..\STARTUP\startup_gw1ns4c.s
      At line 175 in file ..\STARTUP\startup_gw1ns4c.s

USER_INT1_Handler 0000001A

Symbol: USER_INT1_Handler
   Definitions
      At line 209 in file ..\STARTUP\startup_gw1ns4c.s
   Uses
      At line 78 in file ..\STARTUP\startup_gw1ns4c.s
      At line 177 in file ..\STARTUP\startup_gw1ns4c.s

USER_INT2_Handler 0000001A

Symbol: USER_INT2_Handler
   Definitions
      At line 210 in file ..\STARTUP\startup_gw1ns4c.s
   Uses
      At line 79 in file ..\STARTUP\startup_gw1ns4c.s
      At line 178 in file ..\STARTUP\startup_gw1ns4c.s

USER_INT3_Handler 0000001A

Symbol: USER_INT3_Handler
   Definitions
      At line 213 in file ..\STARTUP\startup_gw1ns4c.s



ARM Macro Assembler    Page 7 Alphabetic symbol ordering
Relocatable symbols

   Uses
      At line 82 in file ..\STARTUP\startup_gw1ns4c.s
      At line 181 in file ..\STARTUP\startup_gw1ns4c.s

USER_INT4_Handler 0000001A

Symbol: USER_INT4_Handler
   Definitions
      At line 218 in file ..\STARTUP\startup_gw1ns4c.s
   Uses
      At line 88 in file ..\STARTUP\startup_gw1ns4c.s
      At line 186 in file ..\STARTUP\startup_gw1ns4c.s

USER_INT5_Handler 0000001A

Symbol: USER_INT5_Handler
   Definitions
      At line 219 in file ..\STARTUP\startup_gw1ns4c.s
   Uses
      At line 89 in file ..\STARTUP\startup_gw1ns4c.s
      At line 187 in file ..\STARTUP\startup_gw1ns4c.s

UsageFault_Handler 00000010

Symbol: UsageFault_Handler
   Definitions
      At line 149 in file ..\STARTUP\startup_gw1ns4c.s
   Uses
      At line 63 in file ..\STARTUP\startup_gw1ns4c.s
      At line 150 in file ..\STARTUP\startup_gw1ns4c.s

__user_initial_stackheap 0000001C

Symbol: __user_initial_stackheap
   Definitions
      At line 259 in file ..\STARTUP\startup_gw1ns4c.s
   Uses
      At line 257 in file ..\STARTUP\startup_gw1ns4c.s
Comment: __user_initial_stackheap used once
44 symbols



ARM Macro Assembler    Page 1 Alphabetic symbol ordering
Absolute symbols

Heap_Size 00000200

Symbol: Heap_Size
   Definitions
      At line 38 in file ..\STARTUP\startup_gw1ns4c.s
   Uses
      At line 42 in file ..\STARTUP\startup_gw1ns4c.s
      At line 262 in file ..\STARTUP\startup_gw1ns4c.s

Stack_Size 00000400

Symbol: Stack_Size
   Definitions
      At line 27 in file ..\STARTUP\startup_gw1ns4c.s
   Uses
      At line 30 in file ..\STARTUP\startup_gw1ns4c.s
      At line 261 in file ..\STARTUP\startup_gw1ns4c.s

__Vectors_Size 000000C0

Symbol: __Vectors_Size
   Definitions
      At line 109 in file ..\STARTUP\startup_gw1ns4c.s
   Uses
      At line 55 in file ..\STARTUP\startup_gw1ns4c.s
Comment: __Vectors_Size used once
3 symbols



ARM Macro Assembler    Page 1 Alphabetic symbol ordering
External symbols

SystemInit 00000000

Symbol: SystemInit
   Definitions
      At line 118 in file ..\STARTUP\startup_gw1ns4c.s
   Uses
      At line 120 in file ..\STARTUP\startup_gw1ns4c.s
Comment: SystemInit used once
__main 00000000

Symbol: __main
   Definitions
      At line 119 in file ..\STARTUP\startup_gw1ns4c.s
   Uses
      At line 122 in file ..\STARTUP\startup_gw1ns4c.s
Comment: __main used once
__use_two_region_memory 00000000

Symbol: __use_two_region_memory
   Definitions
      At line 256 in file ..\STARTUP\startup_gw1ns4c.s
   Uses
      None
Comment: __use_two_region_memory unused
3 symbols
396 symbols in table
