Reading netlist file: "D:\gaoyunfpgademo\m3demo1\switch_run\fpga_led\impl\gwsynthesis\fpga_led.vg"
Parsing netlist file "D:\gaoyunfpgademo\m3demo1\switch_run\fpga_led\impl\gwsynthesis\fpga_led.vg" completed
Processing netlist completed
Physical Constraint parsed completed
Running placement......
[10%] Placement Phase 0 completed
[20%] Placement Phase 1 completed
[30%] Placement Phase 2 completed
[50%] Placement Phase 3 completed
Running routing......
[60%] Routing Phase 0 completed
[70%] Routing Phase 1 completed
[80%] Routing Phase 2 completed
[90%] Routing Phase 3 completed
Placement and routing completed
Running timing analysis......
[95%] Timing analysis completed
Bitstream generation in progress......
Bitstream generation completed
Running power analysis......
[100%] Power analysis completed
Generate file "D:\gaoyunfpgademo\m3demo1\switch_run\fpga_led\impl\pnr\fpga_led.power.html" completed
Generate file "D:\gaoyunfpgademo\m3demo1\switch_run\fpga_led\impl\pnr\fpga_led.pin.html" completed
Generate file "D:\gaoyunfpgademo\m3demo1\switch_run\fpga_led\impl\pnr\fpga_led.rpt.html" completed
Generate file "D:\gaoyunfpgademo\m3demo1\switch_run\fpga_led\impl\pnr\fpga_led.rpt.txt" completed
Generate file "D:\gaoyunfpgademo\m3demo1\switch_run\fpga_led\impl\pnr\fpga_led.tr.html" completed
Sat Jun 05 09:51:28 2021

